-------------------------------------------------------------------------------
Test set: hello.HelloControllerTest
-------------------------------------------------------------------------------
Tests run: 1, Failures: 0, Errors: 1, Skipped: 0, Time elapsed: 1.237 s <<< FAILURE! - in hello.HelloControllerTest
initializationError(hello.HelloControllerTest)  Time elapsed: 0.022 s  <<< ERROR!
java.lang.IllegalStateException: Unable to find a @SpringBootConfiguration, you need to use @ContextConfiguration or @SpringBootTest(classes=...) with your test

